<?xml version="1.0" encoding="UTF-8"?><testsuite errors="0" failures="1" name="Deberia ver las diferentes ofertas laborales en la pagina dw Choucair" skipped="0" tests="1" time="198.72" timestamp="2022-01-11 03:58:19"><testcase name="El usuario despues de iniciar sesion deberia poder visualizar las diferentes vacantes en la pagina de Choucair."><failure message="Expected condition failed: waiting for MagnetoPage.esperarOferta to be present (tried for 6 second(s) with 100 milliseconds interval)&#10;Build info: version: '3.141.59', revision: 'e82be7d358', time: '2018-11-14T08:17:03'&#10;System info: host: 'DESKTOP-2JG74F8', ip: '192.168.101.7', os.name: 'Windows 10', os.arch: 'amd64', os.version: '10.0', java.version: '1.8.0_131'&#10;Driver info: driver.version: unknown&#10;Build info: version: '3.141.59', revision: 'e82be7d358', time: '2018-11-14T08:17:03'&#10;System info: host: 'DESKTOP-2JG74F8', ip: '192.168.101.7', os.name: 'Windows 10', os.arch: 'amd64', os.version: '10.0', java.version: '1.8.0_131'&#10;Driver info: driver.version: unknown" type="net.thucydides.core.webdriver.exceptions.ElementShouldBePresentException">Expected condition failed: waiting for MagnetoPage.esperarOferta to be present (tried for 6 second(s) with 100 milliseconds interval)
Build info: version: '3.141.59', revision: 'e82be7d358', time: '2018-11-14T08:17:03'
System info: host: 'DESKTOP-2JG74F8', ip: '192.168.101.7', os.name: 'Windows 10', os.arch: 'amd64', os.version: '10.0', java.version: '1.8.0_131'
Driver info: driver.version: unknown
Build info: version: '3.141.59', revision: 'e82be7d358', time: '2018-11-14T08:17:03'
System info: host: 'DESKTOP-2JG74F8', ip: '192.168.101.7', os.name: 'Windows 10', os.arch: 'amd64', os.version: '10.0', java.version: '1.8.0_131'
Driver info: driver.version: unknown</failure><system-err>Expected condition failed: waiting for MagnetoPage.esperarOferta to be present (tried for 6 second(s) with 100 milliseconds interval)
Build info: version: '3.141.59', revision: 'e82be7d358', time: '2018-11-14T08:17:03'
System info: host: 'DESKTOP-2JG74F8', ip: '192.168.101.7', os.name: 'Windows 10', os.arch: 'amd64', os.version: '10.0', java.version: '1.8.0_131'
Driver info: driver.version: unknown
Build info: version: '3.141.59', revision: 'e82be7d358', time: '2018-11-14T08:17:03'
System info: host: 'DESKTOP-2JG74F8', ip: '192.168.101.7', os.name: 'Windows 10', os.arch: 'amd64', os.version: '10.0', java.version: '1.8.0_131'
Driver info: driver.version: unknown&#13;
com.choucair.actions.MangetoActions.verOfertas(MangetoActions.java:54)&#13;
com.choucair.steps_definitions.ChoucairSteps.deberiaPoderVisualizarLasDiferentesOfertasLaborales(ChoucairSteps.java:39)&#13;
✽.deberia poder visualizar las diferentes ofertas laborales(src/test/resources/choucair_testing/registro_usuario.feature:17)&#13;
</system-err></testcase></testsuite>